2026-01-27 17:11:51 - CodeRegressionTester - INFO - ==================================================
2026-01-27 17:11:51 - CodeRegressionTester - INFO - 启动代码回灌测试系统
2026-01-27 17:11:51 - CodeRegressionTester - INFO - Python版本: 3.12.7 (tags/v3.12.7:0b05ead, Oct  1 2024, 03:06:41) [MSC v.1941 64 bit (AMD64)]
2026-01-27 17:11:51 - CodeRegressionTester - INFO - 操作系统: win32
2026-01-27 17:11:51 - CodeRegressionTester - INFO - 工作目录: E:\destop\AItool\test_system\CodeRegressionTester
2026-01-27 17:11:51 - CodeRegressionTester - INFO - 日志级别: INFO
2026-01-27 17:11:51 - CodeRegressionTester - INFO - ==================================================
2026-01-27 17:11:53 - CodeRegressionTester - INFO - GUI界面已启动
2026-01-27 21:10:01 - CodeRegressionTester - INFO - 应用程序退出，退出码: 0
2026-01-27 21:11:04 - CodeRegressionTester - INFO - ==================================================
2026-01-27 21:11:04 - CodeRegressionTester - INFO - 启动代码回灌测试系统
2026-01-27 21:11:04 - CodeRegressionTester - INFO - Python版本: 3.12.7 (tags/v3.12.7:0b05ead, Oct  1 2024, 03:06:41) [MSC v.1941 64 bit (AMD64)]
2026-01-27 21:11:04 - CodeRegressionTester - INFO - 操作系统: win32
2026-01-27 21:11:04 - CodeRegressionTester - INFO - 工作目录: E:\destop\AItool\test_system\CodeRegressionTester
2026-01-27 21:11:04 - CodeRegressionTester - INFO - 日志级别: INFO
2026-01-27 21:11:04 - CodeRegressionTester - INFO - ==================================================
2026-01-27 21:12:50 - CodeRegressionTester - INFO - ==================================================
2026-01-27 21:12:50 - CodeRegressionTester - INFO - 启动代码回灌测试系统
2026-01-27 21:12:50 - CodeRegressionTester - INFO - Python版本: 3.12.7 (tags/v3.12.7:0b05ead, Oct  1 2024, 03:06:41) [MSC v.1941 64 bit (AMD64)]
2026-01-27 21:12:50 - CodeRegressionTester - INFO - 操作系统: win32
2026-01-27 21:12:50 - CodeRegressionTester - INFO - 工作目录: E:\destop\AItool\test_system\CodeRegressionTester
2026-01-27 21:12:50 - CodeRegressionTester - INFO - 日志级别: INFO
2026-01-27 21:12:50 - CodeRegressionTester - INFO - ==================================================
2026-01-27 21:12:50 - CodeRegressionTester - CRITICAL - 程序执行失败: 'MainWindow' object has no attribute 'open_file'
Traceback (most recent call last):
  File "e:\destop\AItool\test_system\CodeRegressionTester\main.py", line 196, in main
    main_window = MainWindow()
                  ^^^^^^^^^^^^
  File "e:\destop\AItool\test_system\CodeRegressionTester\gui\main_window.py", line 128, in __init__
    self.init_ui()
  File "e:\destop\AItool\test_system\CodeRegressionTester\gui\main_window.py", line 173, in init_ui
    self.create_menu_bar()
  File "e:\destop\AItool\test_system\CodeRegressionTester\gui\main_window.py", line 479, in create_menu_bar
    open_action.triggered.connect(self.open_file)
                                  ^^^^^^^^^^^^^^
AttributeError: 'MainWindow' object has no attribute 'open_file'

2026-01-27 21:13:47 - CodeRegressionTester - INFO - ==================================================
2026-01-27 21:13:47 - CodeRegressionTester - INFO - 启动代码回灌测试系统
2026-01-27 21:13:47 - CodeRegressionTester - INFO - Python版本: 3.12.7 (tags/v3.12.7:0b05ead, Oct  1 2024, 03:06:41) [MSC v.1941 64 bit (AMD64)]
2026-01-27 21:13:47 - CodeRegressionTester - INFO - 操作系统: win32
2026-01-27 21:13:47 - CodeRegressionTester - INFO - 工作目录: E:\destop\AItool\test_system\CodeRegressionTester
2026-01-27 21:13:47 - CodeRegressionTester - INFO - 日志级别: INFO
2026-01-27 21:13:47 - CodeRegressionTester - INFO - ==================================================
2026-01-28 00:04:53 - CodeRegressionTester - INFO - ==================================================
2026-01-28 00:04:53 - CodeRegressionTester - INFO - 启动代码回灌测试系统
2026-01-28 00:04:53 - CodeRegressionTester - INFO - Python版本: 3.12.7 (tags/v3.12.7:0b05ead, Oct  1 2024, 03:06:41) [MSC v.1941 64 bit (AMD64)]
2026-01-28 00:04:53 - CodeRegressionTester - INFO - 操作系统: win32
2026-01-28 00:04:53 - CodeRegressionTester - INFO - 工作目录: E:\destop\AItool\test_system\CodeRegressionTester
2026-01-28 00:04:53 - CodeRegressionTester - INFO - 日志级别: INFO
2026-01-28 00:04:53 - CodeRegressionTester - INFO - ==================================================
2026-01-28 00:04:54 - CodeRegressionTester - CRITICAL - 未捕获的异常
2026-01-28 09:25:38 - CodeRegressionTester - INFO - ==================================================
2026-01-28 09:25:38 - CodeRegressionTester - INFO - 启动代码回灌测试系统
2026-01-28 09:25:38 - CodeRegressionTester - INFO - Python版本: 3.12.7 (tags/v3.12.7:0b05ead, Oct  1 2024, 03:06:41) [MSC v.1941 64 bit (AMD64)]
2026-01-28 09:25:38 - CodeRegressionTester - INFO - 操作系统: win32
2026-01-28 09:25:38 - CodeRegressionTester - INFO - 工作目录: E:\destop\AItool\test_system\CodeRegressionTester
2026-01-28 09:25:38 - CodeRegressionTester - INFO - 日志级别: INFO
2026-01-28 09:25:38 - CodeRegressionTester - INFO - ==================================================
2026-01-28 09:25:39 - CodeRegressionTester - CRITICAL - 未捕获的异常
2026-01-28 09:26:31 - CodeRegressionTester - INFO - ==================================================
2026-01-28 09:26:31 - CodeRegressionTester - INFO - 启动代码回灌测试系统
2026-01-28 09:26:31 - CodeRegressionTester - INFO - Python版本: 3.12.7 (tags/v3.12.7:0b05ead, Oct  1 2024, 03:06:41) [MSC v.1941 64 bit (AMD64)]
2026-01-28 09:26:31 - CodeRegressionTester - INFO - 操作系统: win32
2026-01-28 09:26:31 - CodeRegressionTester - INFO - 工作目录: E:\destop\AItool\test_system\CodeRegressionTester
2026-01-28 09:26:31 - CodeRegressionTester - INFO - 日志级别: INFO
2026-01-28 09:26:31 - CodeRegressionTester - INFO - ==================================================
2026-01-28 09:26:31 - CodeRegressionTester - CRITICAL - 未捕获的异常
2026-01-28 09:31:59 - CodeRegressionTester - INFO - ==================================================
2026-01-28 09:31:59 - CodeRegressionTester - INFO - 启动代码回灌测试系统
2026-01-28 09:31:59 - CodeRegressionTester - INFO - Python版本: 3.12.7 (tags/v3.12.7:0b05ead, Oct  1 2024, 03:06:41) [MSC v.1941 64 bit (AMD64)]
2026-01-28 09:31:59 - CodeRegressionTester - INFO - 操作系统: win32
2026-01-28 09:31:59 - CodeRegressionTester - INFO - 工作目录: E:\destop\AItool\test_system\CodeRegressionTester
2026-01-28 09:31:59 - CodeRegressionTester - INFO - 日志级别: INFO
2026-01-28 09:31:59 - CodeRegressionTester - INFO - ==================================================
2026-01-28 09:32:00 - CodeRegressionTester - CRITICAL - 程序执行失败: 'MainWindow' object has no attribute 'save_file'
2026-01-28 09:32:00 - CodeRegressionTester - CRITICAL - Traceback (most recent call last):
  File "E:\destop\AItool\test_system\CodeRegressionTester\main.py", line 193, in main
    main_window = MainWindow()
                  ^^^^^^^^^^^^
  File "E:\destop\AItool\test_system\CodeRegressionTester\gui\main_window.py", line 128, in __init__
    self.init_ui()
  File "E:\destop\AItool\test_system\CodeRegressionTester\gui\main_window.py", line 173, in init_ui
    self.create_menu_bar()
  File "E:\destop\AItool\test_system\CodeRegressionTester\gui\main_window.py", line 484, in create_menu_bar
    save_action.triggered.connect(self.save_file)
                                  ^^^^^^^^^^^^^^
AttributeError: 'MainWindow' object has no attribute 'save_file'

2026-01-28 09:33:52 - CodeRegressionTester - INFO - ==================================================
2026-01-28 09:33:52 - CodeRegressionTester - INFO - 启动代码回灌测试系统
2026-01-28 09:33:52 - CodeRegressionTester - INFO - Python版本: 3.12.7 (tags/v3.12.7:0b05ead, Oct  1 2024, 03:06:41) [MSC v.1941 64 bit (AMD64)]
2026-01-28 09:33:52 - CodeRegressionTester - INFO - 操作系统: win32
2026-01-28 09:33:52 - CodeRegressionTester - INFO - 工作目录: E:\destop\AItool\test_system\CodeRegressionTester
2026-01-28 09:33:52 - CodeRegressionTester - INFO - 日志级别: INFO
2026-01-28 09:33:52 - CodeRegressionTester - INFO - ==================================================
2026-01-28 09:33:52 - CodeRegressionTester - CRITICAL - 程序执行失败: 'MainWindow' object has no attribute 'create_config_group'
2026-01-28 09:33:52 - CodeRegressionTester - CRITICAL - Traceback (most recent call last):
  File "E:\destop\AItool\test_system\CodeRegressionTester\main.py", line 193, in main
    main_window = MainWindow()
                  ^^^^^^^^^^^^
  File "E:\destop\AItool\test_system\CodeRegressionTester\gui\main_window.py", line 128, in __init__
    self.init_ui()
  File "E:\destop\AItool\test_system\CodeRegressionTester\gui\main_window.py", line 183, in init_ui
    config_group = self.create_config_group()
                   ^^^^^^^^^^^^^^^^^^^^^^^^
AttributeError: 'MainWindow' object has no attribute 'create_config_group'

2026-01-28 09:39:13 - CodeRegressionTester - INFO - ==================================================
2026-01-28 09:39:13 - CodeRegressionTester - INFO - 启动代码回灌测试系统
2026-01-28 09:39:13 - CodeRegressionTester - INFO - Python版本: 3.12.7 (tags/v3.12.7:0b05ead, Oct  1 2024, 03:06:41) [MSC v.1941 64 bit (AMD64)]
2026-01-28 09:39:13 - CodeRegressionTester - INFO - 操作系统: win32
2026-01-28 09:39:13 - CodeRegressionTester - INFO - 工作目录: E:\destop\AItool\test_system\CodeRegressionTester
2026-01-28 09:39:13 - CodeRegressionTester - INFO - 日志级别: INFO
2026-01-28 09:39:13 - CodeRegressionTester - INFO - ==================================================
2026-01-28 09:39:14 - CodeRegressionTester - CRITICAL - 程序执行失败: name 'splitter' is not defined
2026-01-28 09:39:14 - CodeRegressionTester - CRITICAL - Traceback (most recent call last):
  File "E:\destop\AItool\test_system\CodeRegressionTester\main.py", line 193, in main
    main_window = MainWindow()
                  ^^^^^^^^^^^^
  File "E:\destop\AItool\test_system\CodeRegressionTester\gui\main_window.py", line 128, in __init__
    self.init_ui()
  File "E:\destop\AItool\test_system\CodeRegressionTester\gui\main_window.py", line 215, in init_ui
    splitter.addWidget(left_widget)
    ^^^^^^^^
NameError: name 'splitter' is not defined. Did you mean: 'QSplitter'?

2026-01-28 09:43:14 - CodeRegressionTester - INFO - ==================================================
2026-01-28 09:43:14 - CodeRegressionTester - INFO - 启动代码回灌测试系统
2026-01-28 09:43:14 - CodeRegressionTester - INFO - Python版本: 3.12.7 (tags/v3.12.7:0b05ead, Oct  1 2024, 03:06:41) [MSC v.1941 64 bit (AMD64)]
2026-01-28 09:43:14 - CodeRegressionTester - INFO - 操作系统: win32
2026-01-28 09:43:14 - CodeRegressionTester - INFO - 工作目录: E:\destop\AItool\test_system\CodeRegressionTester
2026-01-28 09:43:14 - CodeRegressionTester - INFO - 日志级别: INFO
2026-01-28 09:43:14 - CodeRegressionTester - INFO - ==================================================
2026-01-28 09:43:14 - CodeRegressionTester - CRITICAL - 程序执行失败: wrapped C/C++ object of type QVBoxLayout has been deleted
2026-01-28 09:43:14 - CodeRegressionTester - CRITICAL - Traceback (most recent call last):
  File "E:\destop\AItool\test_system\CodeRegressionTester\main.py", line 193, in main
    main_window = MainWindow()
                  ^^^^^^^^^^^^
  File "E:\destop\AItool\test_system\CodeRegressionTester\gui\main_window.py", line 128, in __init__
    self.init_ui()
  File "E:\destop\AItool\test_system\CodeRegressionTester\gui\main_window.py", line 305, in init_ui
    self.diff_layout.addWidget(self.diff_widget)
RuntimeError: wrapped C/C++ object of type QVBoxLayout has been deleted

2026-01-28 09:46:44 - CodeRegressionTester - INFO - Starting command-line regression test
2026-01-28 09:46:44 - CodeRegressionTester - ERROR - Test failed: ReportGenerator.__init__() missing 1 required positional argument: 'template_dir'
2026-01-28 09:46:44 - CodeRegressionTester - ERROR - Traceback (most recent call last):
  File "E:\destop\AItool\test_system\CodeRegressionTester\cli_test.py", line 218, in main
    success = run_test(
              ^^^^^^^^^
  File "E:\destop\AItool\test_system\CodeRegressionTester\cli_test.py", line 39, in run_test
    report_generator = ReportGenerator()
                       ^^^^^^^^^^^^^^^^^
TypeError: ReportGenerator.__init__() missing 1 required positional argument: 'template_dir'

2026-01-28 09:48:42 - CodeRegressionTester - INFO - Starting command-line regression test
2026-01-28 09:48:42 - CodeRegressionTester - INFO - Compiling version A: examples/sort_version_a.c
2026-01-28 09:48:44 - CodeRegressionTester - INFO - Compiling version B: examples/sort_version_b.c
2026-01-28 09:48:44 - CodeRegressionTester - ERROR - No test data files found
2026-01-28 09:51:17 - CodeRegressionTester - INFO - Starting command-line regression test
2026-01-28 09:51:17 - CodeRegressionTester - INFO - Compiling version A: examples/sort_version_a.c
2026-01-28 09:51:17 - CodeRegressionTester - INFO - Compiling version B: examples/sort_version_b.c
2026-01-28 09:51:18 - CodeRegressionTester - INFO - Found 3 test files
2026-01-28 09:51:18 - CodeRegressionTester - INFO - Testing with large_array.input (1/3)
2026-01-28 09:51:18 - CodeRegressionTester - ERROR - Test failed: 'DataManager' object has no attribute 'load_data_file'
2026-01-28 09:51:18 - CodeRegressionTester - ERROR - Traceback (most recent call last):
  File "E:\destop\AItool\test_system\CodeRegressionTester\cli_test.py", line 218, in main
    success = run_test(
              ^^^^^^^^^
  File "E:\destop\AItool\test_system\CodeRegressionTester\cli_test.py", line 77, in run_test
    test_data = data_manager.load_data_file(test_file)
                ^^^^^^^^^^^^^^^^^^^^^^^^^^^
AttributeError: 'DataManager' object has no attribute 'load_data_file'

2026-01-28 09:53:19 - CodeRegressionTester - INFO - Starting command-line regression test
2026-01-28 09:53:19 - CodeRegressionTester - INFO - Compiling version A: examples/sort_version_a.c
2026-01-28 09:53:19 - CodeRegressionTester - INFO - Compiling version B: examples/sort_version_b.c
2026-01-28 09:53:19 - CodeRegressionTester - INFO - Found 3 test files
2026-01-28 09:53:19 - CodeRegressionTester - INFO - Testing with large_array.input (1/3)
2026-01-28 09:53:19 - CodeRegressionTester - ERROR - Test failed: No module named 'core.data_structures'
2026-01-28 09:53:19 - CodeRegressionTester - ERROR - Traceback (most recent call last):
  File "E:\destop\AItool\test_system\CodeRegressionTester\cli_test.py", line 220, in main
    success = run_test(
              ^^^^^^^^^
  File "E:\destop\AItool\test_system\CodeRegressionTester\cli_test.py", line 86, in run_test
    from core.data_structures import TestResult, ComparisonResult
ModuleNotFoundError: No module named 'core.data_structures'

2026-01-28 10:08:20 - CodeRegressionTester - INFO - ==================================================
2026-01-28 10:08:20 - CodeRegressionTester - INFO - 启动代码回灌测试系统
2026-01-28 10:08:20 - CodeRegressionTester - INFO - Python版本: 3.12.7 (tags/v3.12.7:0b05ead, Oct  1 2024, 03:06:41) [MSC v.1941 64 bit (AMD64)]
2026-01-28 10:08:20 - CodeRegressionTester - INFO - 操作系统: win32
2026-01-28 10:08:20 - CodeRegressionTester - INFO - 工作目录: E:\destop\AItool\test_system\CodeRegressionTester
2026-01-28 10:08:20 - CodeRegressionTester - INFO - 日志级别: INFO
2026-01-28 10:08:20 - CodeRegressionTester - INFO - ==================================================
2026-01-28 10:08:22 - CodeRegressionTester - CRITICAL - 程序执行失败: wrapped C/C++ object of type QVBoxLayout has been deleted
2026-01-28 10:08:22 - CodeRegressionTester - CRITICAL - Traceback (most recent call last):
  File "e:\destop\AItool\test_system\CodeRegressionTester\main.py", line 193, in main
    main_window = MainWindow()
                  ^^^^^^^^^^^^
  File "e:\destop\AItool\test_system\CodeRegressionTester\gui\main_window.py", line 128, in __init__
    self.init_ui()
  File "e:\destop\AItool\test_system\CodeRegressionTester\gui\main_window.py", line 305, in init_ui
    self.diff_layout.addWidget(self.diff_widget)
RuntimeError: wrapped C/C++ object of type QVBoxLayout has been deleted

2026-01-28 10:17:34 - CodeRegressionTester - INFO - ==================================================
2026-01-28 10:17:34 - CodeRegressionTester - INFO - 启动代码回灌测试系统
2026-01-28 10:17:34 - CodeRegressionTester - INFO - Python版本: 3.12.7 (tags/v3.12.7:0b05ead, Oct  1 2024, 03:06:41) [MSC v.1941 64 bit (AMD64)]
2026-01-28 10:17:34 - CodeRegressionTester - INFO - 操作系统: win32
2026-01-28 10:17:34 - CodeRegressionTester - INFO - 工作目录: E:\destop\AItool\test_system\CodeRegressionTester
2026-01-28 10:17:34 - CodeRegressionTester - INFO - 日志级别: INFO
2026-01-28 10:17:34 - CodeRegressionTester - INFO - ==================================================
2026-01-28 10:17:35 - CodeRegressionTester - CRITICAL - 程序执行失败: wrapped C/C++ object of type QVBoxLayout has been deleted
2026-01-28 10:17:35 - CodeRegressionTester - CRITICAL - Traceback (most recent call last):
  File "e:\destop\AItool\test_system\CodeRegressionTester\main.py", line 193, in main
    main_window = MainWindow()
                  ^^^^^^^^^^^^
  File "e:\destop\AItool\test_system\CodeRegressionTester\gui\main_window.py", line 128, in __init__
    self.init_ui()
  File "e:\destop\AItool\test_system\CodeRegressionTester\gui\main_window.py", line 305, in init_ui
    self.diff_layout.addWidget(self.diff_widget)
RuntimeError: wrapped C/C++ object of type QVBoxLayout has been deleted

2026-01-28 15:56:52 - CodeRegressionTester - INFO - ==================================================
2026-01-28 15:56:52 - CodeRegressionTester - INFO - 启动代码回灌测试系统
2026-01-28 15:56:52 - CodeRegressionTester - INFO - Python版本: 3.12.7 (tags/v3.12.7:0b05ead, Oct  1 2024, 03:06:41) [MSC v.1941 64 bit (AMD64)]
2026-01-28 15:56:52 - CodeRegressionTester - INFO - 操作系统: win32
2026-01-28 15:56:52 - CodeRegressionTester - INFO - 工作目录: E:\destop\AItool\test_system\CodeRegressionTester
2026-01-28 15:56:52 - CodeRegressionTester - INFO - 日志级别: INFO
2026-01-28 15:56:52 - CodeRegressionTester - INFO - ==================================================
2026-01-28 15:56:53 - CodeRegressionTester - CRITICAL - 程序执行失败: wrapped C/C++ object of type QVBoxLayout has been deleted
2026-01-28 15:56:53 - CodeRegressionTester - CRITICAL - Traceback (most recent call last):
  File "e:\destop\AItool\test_system\CodeRegressionTester\main.py", line 193, in main
    main_window = MainWindow()
                  ^^^^^^^^^^^^
  File "e:\destop\AItool\test_system\CodeRegressionTester\gui\main_window.py", line 128, in __init__
    self.init_ui()
  File "e:\destop\AItool\test_system\CodeRegressionTester\gui\main_window.py", line 305, in init_ui
    self.diff_layout.addWidget(self.diff_widget)
RuntimeError: wrapped C/C++ object of type QVBoxLayout has been deleted

2026-01-28 15:59:48 - CodeRegressionTester - INFO - ==================================================
2026-01-28 15:59:48 - CodeRegressionTester - INFO - 启动代码回灌测试系统
2026-01-28 15:59:48 - CodeRegressionTester - INFO - Python版本: 3.12.7 (tags/v3.12.7:0b05ead, Oct  1 2024, 03:06:41) [MSC v.1941 64 bit (AMD64)]
2026-01-28 15:59:48 - CodeRegressionTester - INFO - 操作系统: win32
2026-01-28 15:59:48 - CodeRegressionTester - INFO - 工作目录: E:\destop\AItool\test_system\CodeRegressionTester
2026-01-28 15:59:48 - CodeRegressionTester - INFO - 日志级别: INFO
2026-01-28 15:59:48 - CodeRegressionTester - INFO - ==================================================
2026-01-28 15:59:48 - CodeRegressionTester - CRITICAL - 程序执行失败: wrapped C/C++ object of type QVBoxLayout has been deleted
2026-01-28 15:59:48 - CodeRegressionTester - CRITICAL - Traceback (most recent call last):
  File "e:\destop\AItool\test_system\CodeRegressionTester\main.py", line 193, in main
    main_window = MainWindow()
                  ^^^^^^^^^^^^
  File "e:\destop\AItool\test_system\CodeRegressionTester\gui\main_window.py", line 128, in __init__
    self.init_ui()
  File "e:\destop\AItool\test_system\CodeRegressionTester\gui\main_window.py", line 305, in init_ui
    self.diff_layout.addWidget(self.diff_widget)
RuntimeError: wrapped C/C++ object of type QVBoxLayout has been deleted

2026-01-28 16:04:59 - CodeRegressionTester - INFO - ==================================================
2026-01-28 16:04:59 - CodeRegressionTester - INFO - 启动代码回灌测试系统
2026-01-28 16:04:59 - CodeRegressionTester - INFO - Python版本: 3.12.7 (tags/v3.12.7:0b05ead, Oct  1 2024, 03:06:41) [MSC v.1941 64 bit (AMD64)]
2026-01-28 16:04:59 - CodeRegressionTester - INFO - 操作系统: win32
2026-01-28 16:04:59 - CodeRegressionTester - INFO - 工作目录: E:\destop\AItool\test_system\CodeRegressionTester
2026-01-28 16:04:59 - CodeRegressionTester - INFO - 日志级别: INFO
2026-01-28 16:04:59 - CodeRegressionTester - INFO - ==================================================
2026-01-28 16:05:00 - CodeRegressionTester - INFO - GUI界面已启动
2026-01-28 16:05:25 - CodeRegressionTester - CRITICAL - 未捕获的异常
2026-01-28 16:05:33 - CodeRegressionTester - CRITICAL - 未捕获的异常
2026-01-28 16:08:05 - CodeRegressionTester - INFO - 应用程序退出，退出码: 0
2026-01-28 16:15:14 - CodeRegressionTester - INFO - ==================================================
2026-01-28 16:15:14 - CodeRegressionTester - INFO - 启动代码回灌测试系统
2026-01-28 16:15:14 - CodeRegressionTester - INFO - Python版本: 3.12.7 (tags/v3.12.7:0b05ead, Oct  1 2024, 03:06:41) [MSC v.1941 64 bit (AMD64)]
2026-01-28 16:15:14 - CodeRegressionTester - INFO - 操作系统: win32
2026-01-28 16:15:14 - CodeRegressionTester - INFO - 工作目录: E:\destop\AItool\test_system\CodeRegressionTester
2026-01-28 16:15:14 - CodeRegressionTester - INFO - 日志级别: INFO
2026-01-28 16:15:14 - CodeRegressionTester - INFO - ==================================================
2026-01-28 16:15:14 - CodeRegressionTester - INFO - GUI界面已启动
2026-01-28 16:15:35 - CodeRegressionTester - CRITICAL - 未捕获的异常
2026-01-28 16:15:49 - CodeRegressionTester - INFO - 应用程序退出，退出码: 0
2026-01-28 17:18:36 - CodeRegressionTester - INFO - ==================================================
2026-01-28 17:18:36 - CodeRegressionTester - INFO - 启动代码回灌测试系统
2026-01-28 17:18:36 - CodeRegressionTester - INFO - Python版本: 3.12.7 (tags/v3.12.7:0b05ead, Oct  1 2024, 03:06:41) [MSC v.1941 64 bit (AMD64)]
2026-01-28 17:18:36 - CodeRegressionTester - INFO - 操作系统: win32
2026-01-28 17:18:36 - CodeRegressionTester - INFO - 工作目录: E:\destop\AItool\test_system\CodeRegressionTester
2026-01-28 17:18:36 - CodeRegressionTester - INFO - 日志级别: INFO
2026-01-28 17:18:36 - CodeRegressionTester - INFO - ==================================================
2026-01-28 17:18:37 - CodeRegressionTester - INFO - GUI界面已启动
2026-01-28 17:18:58 - CodeRegressionTester - CRITICAL - 未捕获的异常
2026-01-28 17:19:00 - CodeRegressionTester - INFO - 应用程序退出，退出码: 0
